TypeError: Invalid state: Controller is already closed
    at ignore-listed frames {
  code: 'ERR_INVALID_STATE'
}
⨯ uncaughtException:  TypeError: Invalid state: Controller is already closed
    at ignore-listed frames {
  code: 'ERR_INVALID_STATE'
}
TypeError: Invalid state: Controller is already closed
    at ignore-listed frames {
  code: 'ERR_INVALID_STATE'
}
⨯ uncaughtException:  TypeError: Invalid state: Controller is already closed
    at ignore-listed frames {
  code: 'ERR_INVALID_STATE'
}
TypeError: Invalid state: Controller is already closed
    at ignore-listed frames {
  code: 'ERR_INVALID_STATE'
}
⨯ uncaughtException:  TypeError: Invalid state: Controller is already closed
    at ignore-listed frames {
  code: 'ERR_INVALID_STATE'
}
⨯ Error [PrismaClientUnknownRequestError]: 
Invalid `prisma.listeningHistory.update()` invocation:


Error occurred during query execution:
ConnectorError(ConnectorError { user_facing_error: None, kind: ConnectionError(Timed out during query execution.), transient: false })
    at async y (G:\Hermes Agent\ARSM\ARSM\.next\server\chunks\[root-of-the-server]__06odcnq._.js:1:2104)
    at async l (G:\Hermes Agent\ARSM\ARSM\.next\server\chunks\[root-of-the-server]__06odcnq._.js:1:6192)
    at async o (G:\Hermes Agent\ARSM\ARSM\.next\server\chunks\[root-of-the-server]__06odcnq._.js:1:7233)
    at async Module.q [as handler] (G:\Hermes Agent\ARSM\ARSM\.next\server\chunks\[root-of-the-server]__06odcnq._.js:1:8340) {
  clientVersion: '5.0.0'
}
TypeError: Invalid state: Controller is already closed
    at ignore-listed frames {
  code: 'ERR_INVALID_STATE'
}
⨯ uncaughtException:  TypeError: Invalid state: Controller is already closed
    at ignore-listed frames {
  code: 'ERR_INVALID_STATE'
}
⨯ Error [PrismaClientUnknownRequestError]: 
Invalid `prisma.listeningHistory.update()` invocation:


Error occurred during query execution:
ConnectorError(ConnectorError { user_facing_error: None, kind: ConnectionError(Timed out during query execution.), transient: false })
    at async y (G:\Hermes Agent\ARSM\ARSM\.next\server\chunks\[root-of-the-server]__06odcnq._.js:1:2104)
    at async l (G:\Hermes Agent\ARSM\ARSM\.next\server\chunks\[root-of-the-server]__06odcnq._.js:1:6192)
    at async o (G:\Hermes Agent\ARSM\ARSM\.next\server\chunks\[root-of-the-server]__06odcnq._.js:1:7233)
    at async Module.q [as handler] (G:\Hermes Agent\ARSM\ARSM\.next\server\chunks\[root-of-the-server]__06odcnq._.js:1:8340) {
  clientVersion: '5.0.0'
}
TypeError: Invalid state: Controller is already closed
    at ignore-listed frames {
  code: 'ERR_INVALID_STATE'
}
⨯ uncaughtException:  TypeError: Invalid state: Controller is already closed
    at ignore-listed frames {
  code: 'ERR_INVALID_STATE'
}
TypeError: Invalid state: Controller is already closed
    at ignore-listed frames {
  code: 'ERR_INVALID_STATE'
}
⨯ uncaughtException:  TypeError: Invalid state: Controller is already closed
    at ignore-listed frames {
  code: 'ERR_INVALID_STATE'
}
⨯ Error [PrismaClientUnknownRequestError]: 
Invalid `prisma.listeningHistory.update()` invocation:


Error occurred during query execution:
ConnectorError(ConnectorError { user_facing_error: None, kind: ConnectionError(Timed out during query execution.), transient: false })
    at async y (G:\Hermes Agent\ARSM\ARSM\.next\server\chunks\[root-of-the-server]__06odcnq._.js:1:2104)
    at async l (G:\Hermes Agent\ARSM\ARSM\.next\server\chunks\[root-of-the-server]__06odcnq._.js:1:6192)
    at async o (G:\Hermes Agent\ARSM\ARSM\.next\server\chunks\[root-of-the-server]__06odcnq._.js:1:7233)
    at async Module.q [as handler] (G:\Hermes Agent\ARSM\ARSM\.next\server\chunks\[root-of-the-server]__06odcnq._.js:1:8340) {
  clientVersion: '5.0.0'
}
TypeError: Invalid state: Controller is already closed
    at ignore-listed frames {
  code: 'ERR_INVALID_STATE'
}
⨯ uncaughtException:  TypeError: Invalid state: Controller is already closed
    at ignore-listed frames {
  code: 'ERR_INVALID_STATE'
}
⨯ Error [PrismaClientUnknownRequestError]: 
Invalid `prisma.listeningHistory.update()` invocation:


Error occurred during query execution:
ConnectorError(ConnectorError { user_facing_error: None, kind: ConnectionError(Timed out during query execution.), transient: false })
    at async y (G:\Hermes Agent\ARSM\ARSM\.next\server\chunks\[root-of-the-server]__06odcnq._.js:1:2104)
    at async l (G:\Hermes Agent\ARSM\ARSM\.next\server\chunks\[root-of-the-server]__06odcnq._.js:1:6192)
    at async o (G:\Hermes Agent\ARSM\ARSM\.next\server\chunks\[root-of-the-server]__06odcnq._.js:1:7233)
    at async Module.q [as handler] (G:\Hermes Agent\ARSM\ARSM\.next\server\chunks\[root-of-the-server]__06odcnq._.js:1:8340) {
  clientVersion: '5.0.0'
}
TypeError: Invalid state: Controller is already closed
    at ignore-listed frames {
  code: 'ERR_INVALID_STATE'
}
⨯ uncaughtException:  TypeError: Invalid state: Controller is already closed
    at ignore-listed frames {
  code: 'ERR_INVALID_STATE'
}
⨯ Error [PrismaClientUnknownRequestError]: 
Invalid `prisma.listeningHistory.update()` invocation:


Error occurred during query execution:
ConnectorError(ConnectorError { user_facing_error: None, kind: ConnectionError(Timed out during query execution.), transient: false })
    at async y (G:\Hermes Agent\ARSM\ARSM\.next\server\chunks\[root-of-the-server]__06odcnq._.js:1:2104)
    at async l (G:\Hermes Agent\ARSM\ARSM\.next\server\chunks\[root-of-the-server]__06odcnq._.js:1:6192)
    at async o (G:\Hermes Agent\ARSM\ARSM\.next\server\chunks\[root-of-the-server]__06odcnq._.js:1:7233)
    at async Module.q [as handler] (G:\Hermes Agent\ARSM\ARSM\.next\server\chunks\[root-of-the-server]__06odcnq._.js:1:8340) {
  clientVersion: '5.0.0'
}
TypeError: Invalid state: Controller is already closed
    at ignore-listed frames {
  code: 'ERR_INVALID_STATE'
}
⨯ uncaughtException:  TypeError: Invalid state: Controller is already closed
    at ignore-listed frames {
  code: 'ERR_INVALID_STATE'
}
TypeError: Invalid state: Controller is already closed
    at ignore-listed frames {
  code: 'ERR_INVALID_STATE'
}
⨯ uncaughtException:  TypeError: Invalid state: Controller is already closed
    at ignore-listed frames {
  code: 'ERR_INVALID_STATE'
}
TypeError: Invalid state: Controller is already closed
    at ignore-listed frames {
  code: 'ERR_INVALID_STATE'
}
⨯ uncaughtException:  TypeError: Invalid state: Controller is already closed
    at ignore-listed frames {
  code: 'ERR_INVALID_STATE'
}
TypeError: Invalid state: Controller is already closed
    at ignore-listed frames {
  code: 'ERR_INVALID_STATE'
}
⨯ uncaughtException:  TypeError: Invalid state: Controller is already closed
    at ignore-listed frames {
  code: 'ERR_INVALID_STATE'
}
⨯ Error [PrismaClientUnknownRequestError]: 
Invalid `prisma.listeningHistory.update()` invocation:


Error occurred during query execution:
ConnectorError(ConnectorError { user_facing_error: None, kind: ConnectionError(Timed out during query execution.), transient: false })
    at async y (G:\Hermes Agent\ARSM\ARSM\.next\server\chunks\[root-of-the-server]__06odcnq._.js:1:2104)
    at async l (G:\Hermes Agent\ARSM\ARSM\.next\server\chunks\[root-of-the-server]__06odcnq._.js:1:6192)
    at async o (G:\Hermes Agent\ARSM\ARSM\.next\server\chunks\[root-of-the-server]__06odcnq._.js:1:7233)
    at async Module.q [as handler] (G:\Hermes Agent\ARSM\ARSM\.next\server\chunks\[root-of-the-server]__06odcnq._.js:1:8340) {
  clientVersion: '5.0.0'
}
TypeError: Invalid state: Controller is already closed
    at ignore-listed frames {
  code: 'ERR_INVALID_STATE'
}
⨯ uncaughtException:  TypeError: Invalid state: Controller is already closed
    at ignore-listed frames {
  code: 'ERR_INVALID_STATE'
}
TypeError: Invalid state: Controller is already closed
    at ignore-listed frames {
  code: 'ERR_INVALID_STATE'
}
⨯ uncaughtException:  TypeError: Invalid state: Controller is already closed
    at ignore-listed frames {
  code: 'ERR_INVALID_STATE'
}
⨯ Error [PrismaClientUnknownRequestError]: 
Invalid `prisma.listeningHistory.update()` invocation:


Error occurred during query execution:
ConnectorError(ConnectorError { user_facing_error: None, kind: ConnectionError(Timed out during query execution.), transient: false })
    at async y (G:\Hermes Agent\ARSM\ARSM\.next\server\chunks\[root-of-the-server]__06odcnq._.js:1:2104)
    at async l (G:\Hermes Agent\ARSM\ARSM\.next\server\chunks\[root-of-the-server]__06odcnq._.js:1:6192)
    at async o (G:\Hermes Agent\ARSM\ARSM\.next\server\chunks\[root-of-the-server]__06odcnq._.js:1:7233)
    at async Module.q [as handler] (G:\Hermes Agent\ARSM\ARSM\.next\server\chunks\[root-of-the-server]__06odcnq._.js:1:8340) {
  clientVersion: '5.0.0'
}
TypeError: Invalid state: Controller is already closed
    at ignore-listed frames {
  code: 'ERR_INVALID_STATE'
}
⨯ uncaughtException:  TypeError: Invalid state: Controller is already closed
    at ignore-listed frames {
  code: 'ERR_INVALID_STATE'
}
⨯ Error [PrismaClientUnknownRequestError]: 
Invalid `prisma.listeningHistory.update()` invocation:


Error occurred during query execution:
ConnectorError(ConnectorError { user_facing_error: None, kind: ConnectionError(Timed out during query execution.), transient: false })
    at async y (G:\Hermes Agent\ARSM\ARSM\.next\server\chunks\[root-of-the-server]__06odcnq._.js:1:2104)
    at async l (G:\Hermes Agent\ARSM\ARSM\.next\server\chunks\[root-of-the-server]__06odcnq._.js:1:6192)
    at async o (G:\Hermes Agent\ARSM\ARSM\.next\server\chunks\[root-of-the-server]__06odcnq._.js:1:7233)
    at async Module.q [as handler] (G:\Hermes Agent\ARSM\ARSM\.next\server\chunks\[root-of-the-server]__06odcnq._.js:1:8340) {
  clientVersion: '5.0.0'
}
TypeError: Invalid state: Controller is already closed
    at ignore-listed frames {
  code: 'ERR_INVALID_STATE'
}
⨯ uncaughtException:  TypeError: Invalid state: Controller is already closed
    at ignore-listed frames {
  code: 'ERR_INVALID_STATE'
}
